<?xml version="1.0" encoding="UTF-8"?>
<!-- Generated by org.testng.reporters.JUnitReportReporter -->
<testsuite skipped="1" hostname="study-PC" name="basketTests.launchURL" tests="2" failures="0" timestamp="13 Dec 2018 01:59:16 GMT" time="21.898" errors="0">
  <testcase name="addCheckTest" time="21.898" classname="basketTests.launchURL"/>
  <testcase name="msgEnterTest" classname="basketTests.launchURL">
    <skipped/>
  </testcase> <!-- msgEnterTest -->
</testsuite> <!-- basketTests.launchURL -->
