<?xml version="1.0" encoding="UTF-8"?>
<!-- Generated by org.testng.reporters.JUnitReportReporter -->
<testsuite skipped="6" hostname="ultra-PC" name="basketTests.inputElmntsTest" tests="7" failures="0" timestamp="24 Jan 2019 02:14:54 GMT" time="14.834" errors="0">
  <testcase name="chkRdBtnAgeTest" time="14.834" classname="basketTests.inputElmntsTest"/>
  <testcase name="unCheckAllTest" classname="basketTests.inputElmntsTest">
    <skipped/>
  </testcase> <!-- unCheckAllTest -->
  <testcase name="chkRdBtnTest" classname="basketTests.inputElmntsTest">
    <skipped/>
  </testcase> <!-- chkRdBtnTest -->
  <testcase name="allChkboxOnTest" classname="basketTests.inputElmntsTest">
    <skipped/>
  </testcase> <!-- allChkboxOnTest -->
  <testcase name="msgEnterTest" classname="basketTests.inputElmntsTest">
    <skipped/>
  </testcase> <!-- msgEnterTest -->
  <testcase name="addCheckTest" classname="basketTests.inputElmntsTest">
    <skipped/>
  </testcase> <!-- addCheckTest -->
  <testcase name="msgChkboxDmTest" classname="basketTests.inputElmntsTest">
    <skipped/>
  </testcase> <!-- msgChkboxDmTest -->
</testsuite> <!-- basketTests.inputElmntsTest -->
