<?xml version="1.0" encoding="UTF-8"?>
<!-- Generated by org.testng.reporters.JUnitReportReporter -->
<testsuite skipped="6" hostname="study-PC" name="basketTests.formElementsTest" tests="7" failures="0" timestamp="29 Dec 2018 12:31:36 GMT" time="15.048" errors="0">
  <testcase name="chkRdBtnAgeTest" time="15.048" classname="basketTests.formElementsTest"/>
  <testcase name="unCheckAllTest" classname="basketTests.formElementsTest">
    <skipped/>
  </testcase> <!-- unCheckAllTest -->
  <testcase name="chkRdBtnTest" classname="basketTests.formElementsTest">
    <skipped/>
  </testcase> <!-- chkRdBtnTest -->
  <testcase name="msgEnterTest" classname="basketTests.formElementsTest">
    <skipped/>
  </testcase> <!-- msgEnterTest -->
  <testcase name="addCheckTest" classname="basketTests.formElementsTest">
    <skipped/>
  </testcase> <!-- addCheckTest -->
  <testcase name="msgChkboxDmTest" classname="basketTests.formElementsTest">
    <skipped/>
  </testcase> <!-- msgChkboxDmTest -->
  <testcase name="allChkboxOnTest" classname="basketTests.formElementsTest">
    <skipped/>
  </testcase> <!-- allChkboxOnTest -->
</testsuite> <!-- basketTests.formElementsTest -->
