<?xml version="1.0" encoding="UTF-8"?>
<!-- Generated by org.testng.reporters.JUnitReportReporter -->
<testsuite skipped="2" hostname="ultra-PC" name="basketTests.formsOnTest" tests="3" failures="0" timestamp="26 Jan 2019 11:28:12 GMT" time="10.022" errors="0">
  <testcase name="AjaxFormInputTest" time="10.022" classname="basketTests.formsOnTest"/>
  <testcase name="selMultiDrpDwnTest" classname="basketTests.formsOnTest">
    <skipped/>
  </testcase> <!-- selMultiDrpDwnTest -->
  <testcase name="selectDrpDwnTest" classname="basketTests.formsOnTest">
    <skipped/>
  </testcase> <!-- selectDrpDwnTest -->
</testsuite> <!-- basketTests.formsOnTest -->
